<?xml version="1.0" encoding="UTF-8"?>
<!-- Generated by org.testng.reporters.JUnitXMLReporter -->
<testsuite ignored="1" hostname="LatituteE7340" failures="0" tests="1" name="Default test" time="2.902" errors="0" timestamp="2023-05-03T14:38:46 IST">
  <testcase classname="testEndPoints.GoRestEndPointTest" name="testGetRequest" time="2.817"/>
  <testcase classname="testEndPoints.GoRestEndPointTest" name="testPostRequest" time="0.0">
    <ignored/>
  </testcase> <!-- testPostRequest -->
</testsuite> <!-- Default test -->
