<?xml version="1.0" encoding="UTF-8"?>
<!-- Generated by org.testng.reporters.JUnitXMLReporter -->
<testsuite ignored="1" hostname="LatituteE7340" failures="0" tests="1" name="Default test" time="3.191" errors="0" timestamp="2023-05-03T14:09:03 IST">
  <testcase classname="testEndPoints.APITestScript" name="testPostRequest" time="3.096"/>
  <testcase classname="testEndPoints.APITestScript" name="testGetRequest" time="0.0">
    <ignored/>
  </testcase> <!-- testGetRequest -->
</testsuite> <!-- Default test -->
