<?xml version="1.0" encoding="UTF-8"?>
<testsuite xmlns:xsi="http://www.w3.org/2001/XMLSchema-instance" xsi:noNamespaceSchemaLocation="https://maven.apache.org/surefire/maven-surefire-plugin/xsd/surefire-test-report-3.0.xsd" version="3.0" name="TestSuite" time="89.855" tests="14" errors="0" skipped="1" failures="2">
  <properties>
[...]
</properties>
  <testcase name="TestUserRegister" classname="testEndPoints.AdequateEndpointTests" time="5.977">
    <system-out><![CDATA[HTTP/1.1 200 OK
Cache-Control: no-cache
Pragma: no-cache
Content-Type: application/json; charset=utf-8
Expires: -1
Server: Microsoft-IIS/10.0
X-AspNet-Version: 4.0.30319
X-Powered-By: ASP.NET
Date: Mon, 01 May 2023 06:11:54 GMT
Content-Length: 150

{
    "code": 0,
    "message": "success",
    "data": {
        "Id": 229077,
        "Name": "Aaron Kozey",
        "Email": "sung.grady@yahoo.com",
        "Token": "039d5b9a-adb4-4bc8-8d00-a7d8730040cd"
    }
}
Data written to file: ./AdequateData/RegisterUser.txt
]]></system-out>
    <system-err><![CDATA[SLF4J: Failed to load class "org.slf4j.impl.StaticLoggerBinder".
SLF4J: Defaulting to no-operation (NOP) logger implementation
SLF4J: See http://www.slf4j.org/codes.html#StaticLoggerBinder for further details.
]]></system-err>
  </testcase>
  <testcase name="TestValidUserLogin" classname="testEndPoints.AdequateEndpointTests" time="0.497">
    <system-out><![CDATA[HTTP/1.1 200 OK
Cache-Control: no-cache
Pragma: no-cache
Content-Type: application/json; charset=utf-8
Expires: -1
Server: Microsoft-IIS/10.0
X-AspNet-Version: 4.0.30319
X-Powered-By: ASP.NET
Date: Mon, 01 May 2023 06:11:57 GMT
Content-Length: 150

{
    "code": 0,
    "message": "success",
    "data": {
        "Id": 229077,
        "Name": "Aaron Kozey",
        "Email": "sung.grady@yahoo.com",
        "Token": "35e53dfe-e2e8-4bf6-b887-676c65b7369a"
    }
}
Data written to file: ./AdequateData/loginUser.txt
]]></system-out>
  </testcase>
  <testcase name="TestCreateUser" classname="testEndPoints.AdequateEndpointTests" time="0.499">
    <system-out><![CDATA[HTTP/1.1 201 Created
Cache-Control: no-cache
Pragma: no-cache
Content-Type: application/json; charset=utf-8
Expires: -1
Location: http://restapi.adequateshop.com/api/users/229078
Server: Microsoft-IIS/10.0
X-AspNet-Version: 4.0.30319
X-Powered-By: ASP.NET
Date: Mon, 01 May 2023 06:11:57 GMT
Content-Length: 219

{
    "id": 229078,
    "name": "Elda Roob",
    "email": "carmine.olson@gmail.com",
    "profilepicture": "http://restapi.adequateshop.com/Media//Images/userimageicon.png",
    "location": "East Shirlene",
    "createdat": "2023-05-01T06:11:57.6510333Z"
}
Data written to file: ./AdequateData/createUser.txt
]]></system-out>
  </testcase>
  <testcase name="TestgetUser" classname="testEndPoints.AdequateEndpointTests" time="0.315"/>
  <testcase name="TestInValidUserLogin" classname="testEndPoints.AdequateEndpointTests" time="0.271">
    <system-out><![CDATA[HTTP/1.1 200 OK
Cache-Control: no-cache
Pragma: no-cache
Content-Type: application/json; charset=utf-8
Expires: -1
Server: Microsoft-IIS/10.0
X-AspNet-Version: 4.0.30319
X-Powered-By: ASP.NET
Date: Mon, 01 May 2023 06:11:58 GMT
Content-Length: 63

{
    "code": 1,
    "message": "invalid username or password",
    "data": null
}
]]></system-out>
  </testcase>
  <testcase name="testLoginUser" classname="testEndPoints.MobileStoreEndPointTests" time="53.77">
    <system-out><![CDATA[HTTP/1.1 200 OK
Date: Mon, 01 May 2023 06:12:51 GMT
Content-Type: application/json; charset=utf-8
Content-Length: 213
Connection: keep-alive
CF-Ray: 7c05deb5ccd06efe-BOM
Cache-Control: no-cache
Content-Encoding: gzip
ETag: W/"d7-mUfYkVMBQ3EoEepmK2iPVM+LACY"
Expires: -1
Vary: Accept-Encoding
CF-Cache-Status: DYNAMIC
access-control-allow-credentials: true
pragma: no-cache
x-powered-by: Express
x-render-origin-server: Render
Set-Cookie: __cf_bm=Jhwicpa4vVVN1cBo3pAx0av8ROcTPMW6XaazZ_b5uac-1682921571-0-ATdf+JXnyx+vgrQwj8hL4vRUSd0XHdQjwzXsZ9y0bxtjx04S9WHoAYmowWObK+wzerJ1ICFBqMfJFt2sePq3dpE=; path=/; expires=Mon, 01-May-23 06:42:51 GMT; domain=.onrender.com; HttpOnly; Secure; SameSite=None
Server: cloudflare
alt-svc: h3=":443"; ma=86400, h3-29=":443"; ma=86400

{
    "access_token": "eyJhbGciOiJIUzI1NiIsInR5cCI6IkpXVCJ9.eyJlbWFpbCI6Im5pbHNvbkBlbWFpbC5jb20iLCJwYXNzd29yZCI6Im5pbHNvbiIsImlhdCI6MTY4MjkyMTU3MSwiZXhwIjoxNjgyOTI1MTcxfQ.65yNWDIu6iEYnLEIC95e_4KyOeup8iHOU1kwowYs2Qc"
}
Data written to file: ./src/test/resources/loginToken.txt
]]></system-out>
  </testcase>
  <testcase name="testRegisterUser" classname="testEndPoints.MobileStoreEndPointTests" time="0.781">
    <system-out><![CDATA[HTTP/1.1 200 OK
Date: Mon, 01 May 2023 06:12:52 GMT
Content-Type: application/json; charset=utf-8
Content-Length: 232
Connection: keep-alive
CF-Ray: 7c05e0128dd7f363-BOM
Cache-Control: no-cache
Content-Encoding: gzip
ETag: W/"eb-F4jk6YYQBTpLsjqQKoHFiCSWeDs"
Expires: -1
Vary: Accept-Encoding
CF-Cache-Status: DYNAMIC
access-control-allow-credentials: true
pragma: no-cache
x-powered-by: Express
x-render-origin-server: Render
Set-Cookie: __cf_bm=g4q.ojLiv6tdW7HY1MJoX2eBqBwD3ItkLpuhuQ53UQY-1682921572-0-ATyd83v+Vr1gjLqb2SmY5ZrGhU9r0qnoZBK0Wj+pRPVxR+lpjSSz8PdF3pYKX8lHwDk/5swzyrOmRftDbdP4K4Y=; path=/; expires=Mon, 01-May-23 06:42:52 GMT; domain=.onrender.com; HttpOnly; Secure; SameSite=None
Server: cloudflare
alt-svc: h3=":443"; ma=86400, h3-29=":443"; ma=86400

{
    "access_token": "eyJhbGciOiJIUzI1NiIsInR5cCI6IkpXVCJ9.eyJlbWFpbCI6Imx5ZGEubGFiYWRpZUBnbWFpbC5jb20iLCJwYXNzd29yZCI6Inpmc2VwZTZub2w0c3h1biIsImlhdCI6MTY4MjkyMTU3MiwiZXhwIjoxNjgyOTI1MTcyfQ.ZnSo0f6Im3pKRNPDMio_NtsHQLaNNc2bzobWJ9jUUJU"
}
Data written to file: ./src/test/resources/loginToken.txt
]]></system-out>
  </testcase>
  <testcase name="testCreateProducts[Apple Iphone 13, 80000, 200, 1, 2](1)" classname="testEndPoints.MobileStoreEndPointTests" time="10.702">
    <failure message="Condition with lambda expression in testEndPoints.MobileStoreEndPointTests that uses io.restassured.response.Response was not fulfilled within 10 seconds." type="org.awaitility.core.ConditionTimeoutException"><![CDATA[org.awaitility.core.ConditionTimeoutException: Condition with lambda expression in testEndPoints.MobileStoreEndPointTests that uses io.restassured.response.Response was not fulfilled within 10 seconds.
	at org.awaitility.core.ConditionAwaiter.await(ConditionAwaiter.java:136)
	at org.awaitility.core.CallableCondition.await(CallableCondition.java:79)
	at org.awaitility.core.CallableCondition.await(CallableCondition.java:27)
	at org.awaitility.core.ConditionFactory.until(ConditionFactory.java:840)
	at org.awaitility.core.ConditionFactory.until(ConditionFactory.java:802)
	at testEndPoints.MobileStoreEndPointTests.testCreateProducts(MobileStoreEndPointTests.java:107)
	at java.base/jdk.internal.reflect.NativeMethodAccessorImpl.invoke0(Native Method)
	at java.base/jdk.internal.reflect.NativeMethodAccessorImpl.invoke(NativeMethodAccessorImpl.java:62)
	at java.base/jdk.internal.reflect.DelegatingMethodAccessorImpl.invoke(DelegatingMethodAccessorImpl.java:43)
	at java.base/java.lang.reflect.Method.invoke(Method.java:566)
	at org.testng.internal.invokers.MethodInvocationHelper.invokeMethod(MethodInvocationHelper.java:139)
	at org.testng.internal.invokers.TestInvoker.invokeMethod(TestInvoker.java:677)
	at org.testng.internal.invokers.TestInvoker.invokeTestMethod(TestInvoker.java:221)
	at org.testng.internal.invokers.MethodRunner.runInSequence(MethodRunner.java:50)
	at org.testng.internal.invokers.TestInvoker$MethodInvocationAgent.invoke(TestInvoker.java:969)
	at org.testng.internal.invokers.TestInvoker.invokeTestMethods(TestInvoker.java:194)
	at org.testng.internal.invokers.TestMethodWorker.invokeTestMethods(TestMethodWorker.java:148)
	at org.testng.internal.invokers.TestMethodWorker.run(TestMethodWorker.java:128)
	at java.base/java.util.concurrent.ThreadPoolExecutor.runWorker(ThreadPoolExecutor.java:1128)
	at java.base/java.util.concurrent.ThreadPoolExecutor$Worker.run(ThreadPoolExecutor.java:628)
	at java.base/java.lang.Thread.run(Thread.java:834)
]]></failure>
  </testcase>
  <testcase name="testCreateProducts[Xiaomi 12 Pro 5G, 50000, 150, 3, 3](2)" classname="testEndPoints.MobileStoreEndPointTests" time="6.098">
    <system-out><![CDATA[HTTP/1.1 201 Created
Date: Mon, 01 May 2023 06:13:04 GMT
Content-Type: application/json; charset=utf-8
Content-Length: 112
Connection: keep-alive
Location: http://mobilestore-c8yg.onrender.com/products/9
CF-Ray: 7c05e05ea80484dd-BOM
Cache-Control: no-cache
Content-Encoding: gzip
ETag: W/"7b-NQ0laFz88N9x/vF5uMr5FbG7T1I"
Expires: -1
Vary: Accept-Encoding
CF-Cache-Status: DYNAMIC
access-control-allow-credentials: true
access-control-expose-headers: Location
pragma: no-cache
x-content-type-options: nosniff
x-powered-by: Express
x-render-origin-server: Render
Set-Cookie: __cf_bm=HtlPZmWztnLRIx2mhpTA0tkeCuWYVpbbjNgtxi2Ke8A-1682921584-0-AfINdC3B1eXs39vE/UOep6Z2IANjAtH+0V49s3SNTD4r5l8myIhf2uoV3TaH6/PkpC7WC6t0j0WeW4ONqcKev24=; path=/; expires=Mon, 01-May-23 06:43:04 GMT; domain=.onrender.com; HttpOnly; Secure; SameSite=None
Server: cloudflare
alt-svc: h3=":443"; ma=86400, h3-29=":443"; ma=86400

{
    "name": "Xiaomi 12 Pro 5G",
    "dealerId": "3",
    "cost": "50000",
    "locationId": "3",
    "quantity": "150",
    "id": 9
}
]]></system-out>
  </testcase>
  <testcase name="testCreateProducts[Xiaomi 13 Pro 5G, 70000, 100, 2, 2](3)" classname="testEndPoints.MobileStoreEndPointTests" time="5.786">
    <system-out><![CDATA[HTTP/1.1 201 Created
Date: Mon, 01 May 2023 06:13:11 GMT
Content-Type: application/json; charset=utf-8
Content-Length: 112
Connection: keep-alive
Location: http://mobilestore-c8yg.onrender.com/products/10
CF-Ray: 7c05e0855b8f6ed7-BOM
Cache-Control: no-cache
Content-Encoding: gzip
ETag: W/"7c-WDg8+040It1DseKvaWr4V36psxA"
Expires: -1
Vary: Accept-Encoding
CF-Cache-Status: DYNAMIC
access-control-allow-credentials: true
access-control-expose-headers: Location
pragma: no-cache
x-content-type-options: nosniff
x-powered-by: Express
x-render-origin-server: Render
Set-Cookie: __cf_bm=RKwhtiVLOvjuQryFRfvhUEOKIXUo0gyCcM70qeQj7AA-1682921591-0-Aepu+pjSfH3N6UCQWJX/UeLhSREE6aCvU32vsk8gD0EbYPY2kRr3RRKY9Mt+NFR08aJiXjMNnJ1flujUmmZTChA=; path=/; expires=Mon, 01-May-23 06:43:11 GMT; domain=.onrender.com; HttpOnly; Secure; SameSite=None
Server: cloudflare
alt-svc: h3=":443"; ma=86400, h3-29=":443"; ma=86400

{
    "name": "Xiaomi 13 Pro 5G",
    "dealerId": "2",
    "cost": "70000",
    "locationId": "2",
    "quantity": "100",
    "id": 10
}
]]></system-out>
  </testcase>
  <testcase name="testGetProduct" classname="testEndPoints.MobileStoreEndPointTests" time="0.457"/>
  <testcase name="testUpdateProduct" classname="testEndPoints.MobileStoreEndPointTests" time="0.377"/>
  <testcase name="testDeleteProduct" classname="testEndPoints.MobileStoreEndPointTests" time="0.489">
    <failure message="1 expectation failed.&#10;Expected status code &lt;200&gt; but was &lt;502&gt;.&#10;" type="java.lang.AssertionError"><![CDATA[java.lang.AssertionError: 
1 expectation failed.
Expected status code <200> but was <502>.

	at java.base/jdk.internal.reflect.NativeConstructorAccessorImpl.newInstance0(Native Method)
	at java.base/jdk.internal.reflect.NativeConstructorAccessorImpl.newInstance(NativeConstructorAccessorImpl.java:62)
	at java.base/jdk.internal.reflect.DelegatingConstructorAccessorImpl.newInstance(DelegatingConstructorAccessorImpl.java:45)
	at java.base/java.lang.reflect.Constructor.newInstance(Constructor.java:490)
	at org.codehaus.groovy.reflection.CachedConstructor.invoke(CachedConstructor.java:73)
	at org.codehaus.groovy.reflection.CachedConstructor.doConstructorInvoke(CachedConstructor.java:60)
	at org.codehaus.groovy.runtime.callsite.ConstructorSite$ConstructorSiteNoUnwrap.callConstructor(ConstructorSite.java:86)
	at org.codehaus.groovy.runtime.callsite.CallSiteArray.defaultCallConstructor(CallSiteArray.java:57)
	at org.codehaus.groovy.runtime.callsite.AbstractCallSite.callConstructor(AbstractCallSite.java:263)
	at org.codehaus.groovy.runtime.callsite.AbstractCallSite.callConstructor(AbstractCallSite.java:277)
	at io.restassured.internal.ResponseSpecificationImpl$HamcrestAssertionClosure.validate(ResponseSpecificationImpl.groovy:512)
	at io.restassured.internal.ResponseSpecificationImpl$HamcrestAssertionClosure$validate$2.call(Unknown Source)
	at io.restassured.internal.ResponseSpecificationImpl.validateResponseIfRequired(ResponseSpecificationImpl.groovy:696)
	at io.restassured.internal.ResponseSpecificationImpl.this$2$validateResponseIfRequired(ResponseSpecificationImpl.groovy)
	at java.base/jdk.internal.reflect.NativeMethodAccessorImpl.invoke0(Native Method)
	at java.base/jdk.internal.reflect.NativeMethodAccessorImpl.invoke(NativeMethodAccessorImpl.java:62)
	at java.base/jdk.internal.reflect.DelegatingMethodAccessorImpl.invoke(DelegatingMethodAccessorImpl.java:43)
	at java.base/java.lang.reflect.Method.invoke(Method.java:566)
	at org.codehaus.groovy.runtime.callsite.PlainObjectMetaMethodSite.doInvoke(PlainObjectMetaMethodSite.java:43)
	at org.codehaus.groovy.runtime.callsite.PogoMetaMethodSite$PogoCachedMethodSiteNoUnwrapNoCoerce.invoke(PogoMetaMethodSite.java:198)
	at org.codehaus.groovy.runtime.callsite.PogoMetaMethodSite.callCurrent(PogoMetaMethodSite.java:62)
	at org.codehaus.groovy.runtime.callsite.AbstractCallSite.callCurrent(AbstractCallSite.java:185)
	at io.restassured.internal.ResponseSpecificationImpl.statusCode(ResponseSpecificationImpl.groovy:135)
	at io.restassured.specification.ResponseSpecification$statusCode$1.callCurrent(Unknown Source)
	at io.restassured.internal.ResponseSpecificationImpl.statusCode(ResponseSpecificationImpl.groovy:143)
	at io.restassured.internal.ValidatableResponseOptionsImpl.statusCode(ValidatableResponseOptionsImpl.java:89)
	at testEndPoints.MobileStoreEndPointTests.testDeleteProduct(MobileStoreEndPointTests.java:190)
	at java.base/jdk.internal.reflect.NativeMethodAccessorImpl.invoke0(Native Method)
	at java.base/jdk.internal.reflect.NativeMethodAccessorImpl.invoke(NativeMethodAccessorImpl.java:62)
	at java.base/jdk.internal.reflect.DelegatingMethodAccessorImpl.invoke(DelegatingMethodAccessorImpl.java:43)
	at java.base/java.lang.reflect.Method.invoke(Method.java:566)
	at org.testng.internal.invokers.MethodInvocationHelper.invokeMethod(MethodInvocationHelper.java:139)
	at org.testng.internal.invokers.TestInvoker.invokeMethod(TestInvoker.java:677)
	at org.testng.internal.invokers.TestInvoker.invokeTestMethod(TestInvoker.java:221)
	at org.testng.internal.invokers.MethodRunner.runInSequence(MethodRunner.java:50)
	at org.testng.internal.invokers.TestInvoker$MethodInvocationAgent.invoke(TestInvoker.java:969)
	at org.testng.internal.invokers.TestInvoker.invokeTestMethods(TestInvoker.java:194)
	at org.testng.internal.invokers.TestMethodWorker.invokeTestMethods(TestMethodWorker.java:148)
	at org.testng.internal.invokers.TestMethodWorker.run(TestMethodWorker.java:128)
	at java.base/java.util.concurrent.ThreadPoolExecutor.runWorker(ThreadPoolExecutor.java:1128)
	at java.base/java.util.concurrent.ThreadPoolExecutor$Worker.run(ThreadPoolExecutor.java:628)
	at java.base/java.lang.Thread.run(Thread.java:834)
]]></failure>
  </testcase>
  <testcase name="testGetProducts" classname="testEndPoints.MobileStoreEndPointTests" time="0">
    <skipped message="Method testEndPoints.MobileStoreEndPointTests.testGetProducts() on instance testEndPoints.MobileStoreEndPointTests@50b1f030 depends on not successfully finished methods &#10;[testEndPoints.MobileStoreEndPointTests.testLoginUser() on instance testEndPoints.MobileStoreEndPointTests@50b1f030&#10;testEndPoints.MobileStoreEndPointTests.testCreateProducts() on instance testEndPoints.MobileStoreEndPointTests@50b1f030]"/>
  </testcase>
</testsuite>