<?xml version="1.0" encoding="UTF-8"?>
<testng-results ignored="1" total="2" passed="1" failed="0" skipped="0">
  <reporter-output>
  </reporter-output>
  <suite started-at="2023-05-03T14:08:59 IST" name="Default suite" finished-at="2023-05-03T14:09:03 IST" duration-ms="3191">
    <groups>
    </groups>
    <test started-at="2023-05-03T14:08:59 IST" name="Default test" finished-at="2023-05-03T14:09:03 IST" duration-ms="3191">
      <class name="testEndPoints.APITestScript">
        <test-method signature="testPostRequest()[pri:0, instance:testEndPoints.APITestScript@58695725]" started-at="2023-05-03T14:08:59 IST" name="testPostRequest" finished-at="2023-05-03T14:09:03 IST" duration-ms="3096" status="PASS">
          <reporter-output>
          </reporter-output>
        </test-method> <!-- testPostRequest -->
      </class> <!-- testEndPoints.APITestScript -->
    </test> <!-- Default test -->
  </suite> <!-- Default suite -->
</testng-results>
